This is pdfTeX, Version 3.141592653-2.6-1.40.22 (TeX Live 2021) (preloaded format=pdflatex 2021.6.16)  7 JUL 2021 20:50
entering extended mode
 \write18 enabled.
 %&-line parsing enabled.
**./modified_src/1812.02425/MEAL_AAAI2019.tex
(./modified_src/1812.02425/MEAL_AAAI2019.tex
LaTeX2e <2020-10-01> patch level 4
L3 programming layer <2021-02-18> (/usr/local/texlive/2021/texmf-dist/tex/latex
/base/article.cls
Document Class: article 2020/04/10 v1.4m Standard LaTeX document class
(/usr/local/texlive/2021/texmf-dist/tex/latex/base/size10.clo
File: size10.clo 2020/04/10 v1.4m Standard LaTeX file (size option)
)
\c@part=\count179
\c@section=\count180
\c@subsection=\count181
\c@subsubsection=\count182
\c@paragraph=\count183
\c@subparagraph=\count184
\c@figure=\count185
\c@table=\count186
\abovecaptionskip=\skip47
\belowcaptionskip=\skip48
\bibindent=\dimen138
) (./modified_src/1812.02425//aaai19.sty
Conference Style for AAAI for LaTeX 2e -- version for the AAAI-19 conference
\titlebox=\skip49
) (/usr/local/texlive/2021/texmf-dist/tex/latex/psnfss/times.sty
Package: times 2020/03/25 PSNFSS-v9.3 (SPQR) 
) (/usr/local/texlive/2021/texmf-dist/tex/latex/psnfss/helvet.sty
Package: helvet 2020/03/25 PSNFSS-v9.3 (WaS) 
(/usr/local/texlive/2021/texmf-dist/tex/latex/graphics/keyval.sty
Package: keyval 2014/10/28 v1.15 key=value parser (DPC)
\KV@toks@=\toks15
)) (/usr/local/texlive/2021/texmf-dist/tex/latex/psnfss/courier.sty
Package: courier 2020/03/25 PSNFSS-v9.3 (WaS) 
) (/usr/local/texlive/2021/texmf-dist/tex/latex/url/url.sty
\Urlmuskip=\muskip16
Package: url 2013/09/16  ver 3.4  Verb mode for urls, etc.
) (/usr/local/texlive/2021/texmf-dist/tex/latex/graphics/graphicx.sty
Package: graphicx 2020/09/09 v1.2b Enhanced LaTeX Graphics (DPC,SPQR)
(/usr/local/texlive/2021/texmf-dist/tex/latex/graphics/graphics.sty
Package: graphics 2020/08/30 v1.4c Standard LaTeX Graphics (DPC,SPQR)
(/usr/local/texlive/2021/texmf-dist/tex/latex/graphics/trig.sty
Package: trig 2016/01/03 v1.10 sin cos tan (DPC)
) (/usr/local/texlive/2021/texmf-dist/tex/latex/graphics-cfg/graphics.cfg
File: graphics.cfg 2016/06/04 v1.11 sample graphics configuration
)
Package graphics Info: Driver file: pdftex.def on input line 105.
(/usr/local/texlive/2021/texmf-dist/tex/latex/graphics-def/pdftex.def
File: pdftex.def 2020/10/05 v1.2a Graphics/color driver for pdftex
))
\Gin@req@height=\dimen139
\Gin@req@width=\dimen140
) (/usr/local/texlive/2021/texmf-dist/tex/latex/algorithms/algorithm.sty
Package: algorithm 2009/08/24 v0.1 Document Style `algorithm' - floating enviro
nment
(/usr/local/texlive/2021/texmf-dist/tex/latex/float/float.sty
Package: float 2001/11/08 v1.3d Float enhancements (AL)
\c@float@type=\count187
\float@exts=\toks16
\float@box=\box47
\@float@everytoks=\toks17
\@floatcapt=\box48
) (/usr/local/texlive/2021/texmf-dist/tex/latex/base/ifthen.sty
Package: ifthen 2014/09/29 v1.1c Standard LaTeX ifthen package (DPC)
)
\@float@every@algorithm=\toks18
\c@algorithm=\count188
) (/usr/local/texlive/2021/texmf-dist/tex/latex/algorithmicx/algpseudocode.sty
Package: algpseudocode 
(/usr/local/texlive/2021/texmf-dist/tex/latex/algorithmicx/algorithmicx.sty
Package: algorithmicx 2005/04/27 v1.2 Algorithmicx
Document Style algorithmicx 1.2 - a greatly improved `algorithmic' style
\c@ALG@line=\count189
\c@ALG@rem=\count190
\c@ALG@nested=\count191
\ALG@tlm=\skip50
\ALG@thistlm=\skip51
\c@ALG@Lnr=\count192
\c@ALG@blocknr=\count193
\c@ALG@storecount=\count194
\c@ALG@tmpcounter=\count195
\ALG@tmplength=\skip52
)
Document Style - pseudocode environments for use with the `algorithmicx' style
) (/usr/local/texlive/2021/texmf-dist/tex/latex/amsfonts/amssymb.sty
Package: amssymb 2013/01/14 v3.01 AMS font symbols
(/usr/local/texlive/2021/texmf-dist/tex/latex/amsfonts/amsfonts.sty
Package: amsfonts 2013/01/14 v3.01 Basic AMSFonts support
\@emptytoks=\toks19
\symAMSa=\mathgroup4
\symAMSb=\mathgroup5
LaTeX Font Info:    Redeclaring math symbol \hbar on input line 98.
LaTeX Font Info:    Overwriting math alphabet `\mathfrak' in version `bold'
(Font)                  U/euf/m/n --> U/euf/b/n on input line 106.
)) (/usr/local/texlive/2021/texmf-dist/tex/latex/bbding/bbding.sty
Package: bbding 1999/04/15 v1.01 Dingbats symbols
) (/usr/local/texlive/2021/texmf-dist/tex/latex/amsmath/amsmath.sty
Package: amsmath 2020/09/23 v2.17i AMS math features
\@mathmargin=\skip53
For additional information on amsmath, use the `?' option.
(/usr/local/texlive/2021/texmf-dist/tex/latex/amsmath/amstext.sty
Package: amstext 2000/06/29 v2.01 AMS text
(/usr/local/texlive/2021/texmf-dist/tex/latex/amsmath/amsgen.sty
File: amsgen.sty 1999/11/30 v2.0 generic functions
\@emptytoks=\toks20
\ex@=\dimen141
)) (/usr/local/texlive/2021/texmf-dist/tex/latex/amsmath/amsbsy.sty
Package: amsbsy 1999/11/29 v1.2d Bold Symbols
\pmbraise@=\dimen142
) (/usr/local/texlive/2021/texmf-dist/tex/latex/amsmath/amsopn.sty
Package: amsopn 2016/03/08 v2.02 operator names
)
\inf@bad=\count196
LaTeX Info: Redefining \frac on input line 234.
\uproot@=\count197
\leftroot@=\count198
LaTeX Info: Redefining \overline on input line 399.
\classnum@=\count199
\DOTSCASE@=\count266
LaTeX Info: Redefining \ldots on input line 496.
LaTeX Info: Redefining \dots on input line 499.
LaTeX Info: Redefining \cdots on input line 620.
\Mathstrutbox@=\box49
\strutbox@=\box50
\big@size=\dimen143
LaTeX Font Info:    Redeclaring font encoding OML on input line 743.
LaTeX Font Info:    Redeclaring font encoding OMS on input line 744.
\macc@depth=\count267
\c@MaxMatrixCols=\count268
\dotsspace@=\muskip17
\c@parentequation=\count269
\dspbrk@lvl=\count270
\tag@help=\toks21
\row@=\count271
\column@=\count272
\maxfields@=\count273
\andhelp@=\toks22
\eqnshift@=\dimen144
\alignsep@=\dimen145
\tagshift@=\dimen146
\tagwidth@=\dimen147
\totwidth@=\dimen148
\lineht@=\dimen149
\@envbody=\toks23
\multlinegap=\skip54
\multlinetaggap=\skip55
\mathdisplay@stack=\toks24
LaTeX Info: Redefining \[ on input line 2923.
LaTeX Info: Redefining \] on input line 2924.
) (/usr/local/texlive/2021/texmf-dist/tex/latex/tools/tabularx.sty
Package: tabularx 2020/01/15 v2.11c `tabularx' package (DPC)
(/usr/local/texlive/2021/texmf-dist/tex/latex/tools/array.sty
Package: array 2020/10/01 v2.5c Tabular extension package (FMi)
\col@sep=\dimen150
\ar@mcellbox=\box51
\extrarowheight=\dimen151
\NC@list=\toks25
\extratabsurround=\skip56
\backup@length=\skip57
\ar@cellbox=\box52
)
\TX@col@width=\dimen152
\TX@old@table=\dimen153
\TX@old@col=\dimen154
\TX@target=\dimen155
\TX@delta=\dimen156
\TX@cols=\count274
\TX@ftn=\toks26
) (/usr/local/texlive/2021/texmf-dist/tex/latex/booktabs/booktabs.sty
Package: booktabs 2020/01/12 v1.61803398 Publication quality tables
\heavyrulewidth=\dimen157
\lightrulewidth=\dimen158
\cmidrulewidth=\dimen159
\belowrulesep=\dimen160
\belowbottomsep=\dimen161
\aboverulesep=\dimen162
\abovetopsep=\dimen163
\cmidrulesep=\dimen164
\cmidrulekern=\dimen165
\defaultaddspace=\dimen166
\@cmidla=\count275
\@cmidlb=\count276
\@aboverulesep=\dimen167
\@belowrulesep=\dimen168
\@thisruleclass=\count277
\@lastruleclass=\count278
\@thisrulewidth=\dimen169
)
LaTeX Font Info:    Trying to load font information for OT1+ptm on input line 3
3.
(/usr/local/texlive/2021/texmf-dist/tex/latex/psnfss/ot1ptm.fd
File: ot1ptm.fd 2001/06/04 font definitions for OT1/ptm.
) (/usr/local/texlive/2021/texmf-dist/tex/latex/l3backend/l3backend-pdftex.def
File: l3backend-pdftex.def 2021-03-18 L3 backend support: PDF output (pdfTeX)
\l__color_backend_stack_int=\count279
\l__pdf_internal_box=\box53
) (./modified_src/1812.02425//MEAL_AAAI2019.aux

LaTeX Warning: Label `d' multiply defined.

)
\openout1 = `MEAL_AAAI2019.aux'.

LaTeX Font Info:    Checking defaults for OML/cmm/m/it on input line 33.
LaTeX Font Info:    ... okay on input line 33.
LaTeX Font Info:    Checking defaults for OMS/cmsy/m/n on input line 33.
LaTeX Font Info:    ... okay on input line 33.
LaTeX Font Info:    Checking defaults for OT1/cmr/m/n on input line 33.
LaTeX Font Info:    ... okay on input line 33.
LaTeX Font Info:    Checking defaults for T1/cmr/m/n on input line 33.
LaTeX Font Info:    ... okay on input line 33.
LaTeX Font Info:    Checking defaults for TS1/cmr/m/n on input line 33.
LaTeX Font Info:    ... okay on input line 33.
LaTeX Font Info:    Checking defaults for OMX/cmex/m/n on input line 33.
LaTeX Font Info:    ... okay on input line 33.
LaTeX Font Info:    Checking defaults for U/cmr/m/n on input line 33.
LaTeX Font Info:    ... okay on input line 33.
(/usr/local/texlive/2021/texmf-dist/tex/context/base/mkii/supp-pdf.mkii
[Loading MPS to PDF converter (version 2006.09.02).]
\scratchcounter=\count280
\scratchdimen=\dimen170
\scratchbox=\box54
\nofMPsegments=\count281
\nofMParguments=\count282
\everyMPshowfont=\toks27
\MPscratchCnt=\count283
\MPscratchDim=\dimen171
\MPnumerator=\count284
\makeMPintoPDFobject=\count285
\everyMPtoPDFconversion=\toks28
) (/usr/local/texlive/2021/texmf-dist/tex/latex/epstopdf-pkg/epstopdf-base.sty
Package: epstopdf-base 2020-01-24 v2.11 Base part for package epstopdf
Package epstopdf-base Info: Redefining graphics rule for `.eps' on input line 4
85.
(/usr/local/texlive/2021/texmf-dist/tex/latex/latexconfig/epstopdf-sys.cfg
File: epstopdf-sys.cfg 2010/07/13 v1.3 Configuration of (r)epstopdf for TeX Liv
e
))
LaTeX Font Info:    Trying to load font information for U+msa on input line 47.

(/usr/local/texlive/2021/texmf-dist/tex/latex/amsfonts/umsa.fd
File: umsa.fd 2013/01/14 v3.01 AMS symbols A
)
LaTeX Font Info:    Trying to load font information for U+msb on input line 47.

(/usr/local/texlive/2021/texmf-dist/tex/latex/amsfonts/umsb.fd
File: umsb.fd 2013/01/14 v3.01 AMS symbols B
)
LaTeX Font Info:    Trying to load font information for TS1+ptm on input line 4
7.
(/usr/local/texlive/2021/texmf-dist/tex/latex/psnfss/ts1ptm.fd
File: ts1ptm.fd 2001/06/04 font definitions for TS1/ptm.
)
LaTeX Font Info:    Trying to load font information for OT1+pcr on input line 4
7.
(/usr/local/texlive/2021/texmf-dist/tex/latex/psnfss/ot1pcr.fd
File: ot1pcr.fd 2001/06/04 font definitions for OT1/pcr.
)
LaTeX Font Info:    Trying to load font information for OMS+pcr on input line 4
7.
(/usr/local/texlive/2021/texmf-dist/tex/latex/psnfss/omspcr.fd
File: omspcr.fd 
)
LaTeX Font Info:    Font shape `OMS/pcr/m/n' in size <9> not available
(Font)              Font shape `OMS/cmsy/m/n' tried instead on input line 47.
<figs/comparisons.pdf, id=1, 462.52798pt x 346.89601pt>
File: figs/comparisons.pdf Graphic file (type pdf)
<use figs/comparisons.pdf>
Package pdftex.def Info: figs/comparisons.pdf  used on input line 58.
(pdftex.def)             Requested size: 217.52899pt x 163.147pt.
[1{/usr/local/texlive/2021/texmf-var/fonts/map/pdftex/updmap/pdftex.map}



 <./modified_src/1812.02425//figs/comparisons.pdf>]
<figs/soft_labels.pdf, id=64, 943.2658pt x 335.22086pt>
File: figs/soft_labels.pdf Graphic file (type pdf)
<use figs/soft_labels.pdf>
Package pdftex.def Info: figs/soft_labels.pdf  used on input line 72.
(pdftex.def)             Requested size: 242.82503pt x 86.29602pt.

Overfull \hbox (3.43065pt too wide) in paragraph at lines 72--74
 [][] 
 []


Underfull \hbox (badness 7238) in paragraph at lines 99--101
\OT1/ptm/b/n/9 Adversarial Learn-ing. \OT1/ptm/m/n/9 Gen-er-a-tive Ad-ver-sar-i
al Learn-
 []

<figs/AL.pdf, id=65, 818.17633pt x 426.82141pt>
File: figs/AL.pdf Graphic file (type pdf)
<use figs/AL.pdf>
Package pdftex.def Info: figs/AL.pdf  used on input line 104.
(pdftex.def)             Requested size: 379.4175pt x 197.93585pt.

Underfull \hbox (badness 1048) in paragraph at lines 111--113
\OT1/ptm/b/n/9 Knowledge Trans-fer. \OT1/ptm/m/n/9 Dis-till-ing knowl-edge from
 trained
 []


Underfull \hbox (badness 2799) in paragraph at lines 115--118
\OT1/ptm/b/n/9 Siamese-like Net-work Struc-ture \OT1/ptm/m/n/9 Our frame-work i
s a
 []

[2 <./modified_src/1812.02425//figs/soft_labels.pdf>] [3 <./modified_src/1812.0
2425//figs/AL.pdf>]
<figs/D_new.pdf, id=216, 450.99pt x 175.73163pt>
File: figs/D_new.pdf Graphic file (type pdf)
<use figs/D_new.pdf>
Package pdftex.def Info: figs/D_new.pdf  used on input line 164.
(pdftex.def)             Requested size: 242.82503pt x 94.61746pt.

Overfull \hbox (3.43065pt too wide) in paragraph at lines 164--166
 [][] 
 []

<figs/ap.pdf, id=217, 631.25006pt x 192.97626pt>
File: figs/ap.pdf Graphic file (type pdf)
<use figs/ap.pdf>
Package pdftex.def Info: figs/ap.pdf  used on input line 187.
(pdftex.def)             Requested size: 242.82503pt x 74.23277pt.

Overfull \hbox (3.43065pt too wide) in paragraph at lines 187--189
 [][] 
 []


Underfull \hbox (badness 1859) in paragraph at lines 202--203
[]\OT1/ptm/m/n/9 where $[]$ are out-puts from gen-er-a-tion net-work
 []


Underfull \hbox (badness 4156) in paragraph at lines 242--243
[]\OT1/ptm/m/n/9 Building and Pre-training the Teacher Model Zoo $\OMS/cmsy/m/n
/9 T \OT1/cmr/m/n/9 =
 []


LaTeX Warning: `h' float specifier changed to `ht'.

[4 <./modified_src/1812.02425//figs/D_new.pdf> <./modified_src/1812.02425//figs
/ap.pdf>]
Underfull \hbox (badness 10000) in paragraph at lines 267--268
\OT1/ptm/b/n/9 SVHN. \OT1/ptm/m/n/9 The Street View House Num-ber (SVHN)
 []


Underfull \hbox (badness 1237) in paragraph at lines 267--268
\OT1/ptm/m/n/9 dataset ( Net-zer et al[] 2011) con-sists of 32$\OMS/cmsy/m/n/9 
^^B$\OT1/ptm/m/n/9 32 col-ored
 []


Underfull \hbox (badness 1845) in paragraph at lines 267--268
\OT1/ptm/m/n/9 digit im-ages, with one class for each digit. The train
 []


Underfull \hbox (badness 1715) in paragraph at lines 274--275
\OT1/ptm/m/n/9 We adopt sev-eral pop-u-lar net-work ar-chi-tec-tures as our
 []


Underfull \hbox (badness 1365) in paragraph at lines 274--275
\OT1/ptm/m/n/9 et al[] 2017b), Mo-bileNet ( Howard et al[] 2017), shake-
 []

LaTeX Font Info:    Trying to load font information for U+ding on input line 29
7.
(/usr/local/texlive/2021/texmf-dist/tex/latex/bbding/Uding.fd
File: Uding.fd 1996/02/01 v1.0 BBding font definitions
)
Overfull \hbox (3.43253pt too wide) in paragraph at lines 283--299
 [][] 
 []

<figs/cifar10.pdf, id=319, 462.52798pt x 346.89601pt>
File: figs/cifar10.pdf Graphic file (type pdf)
<use figs/cifar10.pdf>
Package pdftex.def Info: figs/cifar10.pdf  used on input line 306.
(pdftex.def)             Requested size: 121.41637pt x 91.05891pt.
<figs/cifar100.pdf, id=320, 462.52798pt x 346.89601pt>
File: figs/cifar100.pdf Graphic file (type pdf)
<use figs/cifar100.pdf>
Package pdftex.def Info: figs/cifar100.pdf  used on input line 307.
(pdftex.def)             Requested size: 121.41637pt x 91.05891pt.
<figs/SVHN.pdf, id=321, 462.52798pt x 346.89601pt>
File: figs/SVHN.pdf Graphic file (type pdf)
<use figs/SVHN.pdf>
Package pdftex.def Info: figs/SVHN.pdf  used on input line 308.
(pdftex.def)             Requested size: 121.41637pt x 91.05891pt.
<figs/imagenet.pdf, id=322, 462.52798pt x 346.89601pt>
File: figs/imagenet.pdf Graphic file (type pdf)
<use figs/imagenet.pdf>
Package pdftex.def Info: figs/imagenet.pdf  used on input line 309.
(pdftex.def)             Requested size: 121.41637pt x 91.05891pt.

Overfull \hbox (3.42555pt too wide) in paragraph at lines 327--340
 [][] 
 []

[5]
Overfull \hbox (3.42986pt too wide) in paragraph at lines 349--362
 [][] 
 []


Overfull \hbox (3.43181pt too wide) in paragraph at lines 372--388
 [][] 
 []

<figs/budget.png, id=328, 408.52625pt x 276.03125pt>
File: figs/budget.png Graphic file (type png)
<use figs/budget.png>
Package pdftex.def Info: figs/budget.png  used on input line 393.
(pdftex.def)             Requested size: 177.06458pt x 119.6388pt.

LaTeX Warning: `h' float specifier changed to `ht'.

<figs/mobilenet_number.pdf, id=330, 462.52798pt x 346.89601pt>
File: figs/mobilenet_number.pdf Graphic file (type pdf)
<use figs/mobilenet_number.pdf>
Package pdftex.def Info: figs/mobilenet_number.pdf  used on input line 402.
(pdftex.def)             Requested size: 151.76854pt x 113.82497pt.
<figs/VGG_number.pdf, id=331, 462.52798pt x 346.89601pt>
File: figs/VGG_number.pdf Graphic file (type pdf)
<use figs/VGG_number.pdf>
Package pdftex.def Info: figs/VGG_number.pdf  used on input line 403.
(pdftex.def)             Requested size: 151.76854pt x 113.82497pt.
<figs/densenet_number.pdf, id=332, 462.52798pt x 346.89601pt>
File: figs/densenet_number.pdf Graphic file (type pdf)
<use figs/densenet_number.pdf>
Package pdftex.def Info: figs/densenet_number.pdf  used on input line 404.
(pdftex.def)             Requested size: 151.76854pt x 113.82497pt.
<figs/bubble_se_vgg.png, id=333, 354.32375pt x 353.32pt>
File: figs/bubble_se_vgg.png Graphic file (type png)
<use figs/bubble_se_vgg.png>
Package pdftex.def Info: figs/bubble_se_vgg.png  used on input line 420.
(pdftex.def)             Requested size: 116.35252pt x 116.01909pt.
<figs/bubble_resnet_densenet.png, id=334, 354.32375pt x 353.32pt>
File: figs/bubble_resnet_densenet.png Graphic file (type png)
<use figs/bubble_resnet_densenet.png>
Package pdftex.def Info: figs/bubble_resnet_densenet.png  used on input line 42
1.
(pdftex.def)             Requested size: 116.35252pt x 116.01909pt.

Underfull \hbox (badness 3158) in paragraph at lines 423--423
[]\OT1/ptm/m/n/10 Figure 9: Prob-a-bil-ity Dis-tri-bu-tions be-tween four net-
 []


Underfull \vbox (badness 10000) has occurred while \output is active []

[6 <./modified_src/1812.02425//figs/cifar10.pdf> <./modified_src/1812.02425//fi
gs/cifar100.pdf

pdfTeX warning: pdflatex (file ./modified_src/1812.02425//figs/cifar100.pdf): P
DF inclusion: multiple pdfs with page group included in a single page
> <./modified_src/1812.02425//figs/SVHN.pdf

pdfTeX warning: pdflatex (file ./modified_src/1812.02425//figs/SVHN.pdf): PDF i
nclusion: multiple pdfs with page group included in a single page
> <./modified_src/1812.02425//figs/imagenet.pdf

pdfTeX warning: pdflatex (file ./modified_src/1812.02425//figs/imagenet.pdf): P
DF inclusion: multiple pdfs with page group included in a single page
> <./modified_src/1812.02425//figs/budget.png>]
<figs/before_new.pdf, id=502, 319.84097pt x 214.10065pt>
File: figs/before_new.pdf Graphic file (type pdf)
<use figs/before_new.pdf>
Package pdftex.def Info: figs/before_new.pdf  used on input line 438.
(pdftex.def)             Requested size: 101.17645pt x 67.72627pt.
<figs/after2_new.pdf, id=503, 320.98349pt x 213.02571pt>
File: figs/after2_new.pdf Graphic file (type pdf)
<use figs/after2_new.pdf>
Package pdftex.def Info: figs/after2_new.pdf  used on input line 439.
(pdftex.def)             Requested size: 101.17645pt x 67.1457pt.

Underfull \hbox (badness 2671) in paragraph at lines 447--448
\OT1/ptm/m/n/9 We have pre-sented MEAL, a learning-based en-sem-ble
 []

(./modified_src/1812.02425//MEAL_AAAI2019.bbl [7 <./modified_src/1812.02425//fi
gs/mobilenet_number.pdf> <./modified_src/1812.02425//figs/VGG_number.pdf

pdfTeX warning: pdflatex (file ./modified_src/1812.02425//figs/VGG_number.pdf):
 PDF inclusion: multiple pdfs with page group included in a single page
> <./modified_src/1812.02425//figs/densenet_number.pdf

pdfTeX warning: pdflatex (file ./modified_src/1812.02425//figs/densenet_number.
pdf): PDF inclusion: multiple pdfs with page group included in a single page
> <./modified_src/1812.02425//figs/bubble_se_vgg.png> <./modified_src/1812.0242
5//figs/bubble_resnet_densenet.png> <./modified_src/1812.02425//figs/before_new
.pdf> <./modified_src/1812.02425//figs/after2_new.pdf>])

! LaTeX Error: \begin{quote} on input line 48 ended by \end{document}.

See the LaTeX manual or LaTeX Companion for explanation.
Type  H <return>  for immediate help.
 ...                                              
                                                  
l.459 \end{document}
                    
Your command was ignored.
Type  I <command> <return>  to replace it with another command,
or  <return>  to continue without it.

[8

] (./modified_src/1812.02425//MEAL_AAAI2019.aux)

LaTeX Warning: There were multiply-defined labels.

 )
(\end occurred inside a group at level 2)

### semi simple group (level 2) entered at line 48 (\begingroup)
### semi simple group (level 1) entered at line 48 (\begingroup)
### bottom level 
Here is how much of TeX's memory you used:
 3767 strings out of 478994
 52843 string characters out of 5858184
 361542 words of memory out of 5000000
 21139 multiletter control sequences out of 15000+600000
 436274 words of font info for 99 fonts, out of 8000000 for 9000
 1141 hyphenation exceptions out of 8191
 68i,14n,74p,1774b,382s stack positions out of 5000i,500n,10000p,200000b,80000s
{/usr/local/texlive/2021/texmf-dist/fonts/enc/dvips/base/8r.enc
}</usr/local/texlive/2021/texmf-dist/fonts/type1/public/niceframe-type1/bbding1
0.pfb></usr/local/texlive/2021/texmf-dist/fonts/type1/public/amsfonts/cm/cmbx10
.pfb></usr/local/texlive/2021/texmf-dist/fonts/type1/public/amsfonts/cm/cmbx7.p
fb></usr/local/texlive/2021/texmf-dist/fonts/type1/public/amsfonts/cmextra/cmex
9.pfb></usr/local/texlive/2021/texmf-dist/fonts/type1/public/amsfonts/cm/cmmi10
.pfb></usr/local/texlive/2021/texmf-dist/fonts/type1/public/amsfonts/cm/cmmi5.p
fb></usr/local/texlive/2021/texmf-dist/fonts/type1/public/amsfonts/cm/cmmi6.pfb
></usr/local/texlive/2021/texmf-dist/fonts/type1/public/amsfonts/cm/cmmi8.pfb><
/usr/local/texlive/2021/texmf-dist/fonts/type1/public/amsfonts/cm/cmmi9.pfb></u
sr/local/texlive/2021/texmf-dist/fonts/type1/public/amsfonts/cm/cmr10.pfb></usr
/local/texlive/2021/texmf-dist/fonts/type1/public/amsfonts/cm/cmr5.pfb></usr/lo
cal/texlive/2021/texmf-dist/fonts/type1/public/amsfonts/cm/cmr6.pfb></usr/local
/texlive/2021/texmf-dist/fonts/type1/public/amsfonts/cm/cmr7.pfb></usr/local/te
xlive/2021/texmf-dist/fonts/type1/public/amsfonts/cm/cmr8.pfb></usr/local/texli
ve/2021/texmf-dist/fonts/type1/public/amsfonts/cm/cmr9.pfb></usr/local/texlive/
2021/texmf-dist/fonts/type1/public/amsfonts/cm/cmsy10.pfb></usr/local/texlive/2
021/texmf-dist/fonts/type1/public/amsfonts/cm/cmsy6.pfb></usr/local/texlive/202
1/texmf-dist/fonts/type1/public/amsfonts/cm/cmsy7.pfb></usr/local/texlive/2021/
texmf-dist/fonts/type1/public/amsfonts/cm/cmsy8.pfb></usr/local/texlive/2021/te
xmf-dist/fonts/type1/public/amsfonts/cm/cmsy9.pfb></usr/local/texlive/2021/texm
f-dist/fonts/type1/public/amsfonts/symbols/msbm10.pfb></usr/local/texlive/2021/
texmf-dist/fonts/type1/urw/courier/ucrr8a.pfb></usr/local/texlive/2021/texmf-di
st/fonts/type1/urw/times/utmb8a.pfb></usr/local/texlive/2021/texmf-dist/fonts/t
ype1/urw/times/utmr8a.pfb></usr/local/texlive/2021/texmf-dist/fonts/type1/urw/t
imes/utmri8a.pfb>
Output written on ./modified_src/1812.02425//MEAL_AAAI2019.pdf (8 pages, 975239
 bytes).
PDF statistics:
 734 PDF objects out of 1000 (max. 8388607)
 292 compressed objects within 3 object streams
 0 named destinations out of 1000 (max. 500000)
 86 words of extra memory for PDF output out of 10000 (max. 10000000)

